λ³΄μ• κ²€μ‚¬λ¥Ό μ‹μ‘ν•©λ‹λ‹¤... (Wed Nov 19 12:17:24 PM KST 2025)
κ²€μ‚¬ λ€μƒ κ²½λ΅:
  - ROOT_PATH: .
  - NB_PATH: .
  - DLDNA_PATH: μ κ³µλμ§€ μ•μ•κ±°λ‚ μ ν¨ν•μ§€ μ•μ€ λ””λ ‰ν† λ¦¬. (κ²€μ‚¬ κ±΄λ„λ€)
\n==== GitLeaks κ²€μ‚¬ μ‹μ‘: Wed Nov 19 12:17:24 PM KST 2025 ====
\n>> GitLeaks: λ£¨νΈ λ””λ ‰ν† λ¦¬ νμΌ κ²€μ‚¬:
GitLeaks: μ¤μΊ” νμΌ: ./security_check.log

    β—‹
    β”‚β•²
    β”‚ β—‹
    β—‹ β–‘
    β–‘    gitleaks

[90m12:17PM[0m [32mINF[0m scanned ~448 bytes (448 bytes) in 138ms
[90m12:17PM[0m [32mINF[0m no leaks found
GitLeaks: μ¤μΊ” νμΌ: ./quantum_time.png

    β—‹
    β”‚β•²
    β”‚ β—‹
    β—‹ β–‘
    β–‘    gitleaks

[90m12:17PM[0m [32mINF[0m scanned ~0 bytes (0) in 163ms
[90m12:17PM[0m [32mINF[0m no leaks found
GitLeaks: μ¤μΊ” νμΌ: ./search.json

    β—‹
    β”‚β•²
    β”‚ β—‹
    β—‹ β–‘
    β–‘    gitleaks

[90m12:17PM[0m [32mINF[0m scanned ~599795 bytes (599.79 KB) in 245ms
[90m12:17PM[0m [32mINF[0m no leaks found
GitLeaks: μ¤μΊ” νμΌ: ./index.html

    β—‹
    β”‚β•²
    β”‚ β—‹
    β—‹ β–‘
    β–‘    gitleaks

[90m12:17PM[0m [32mINF[0m scanned ~28551 bytes (28.55 KB) in 173ms
[90m12:17PM[0m [32mINF[0m no leaks found
GitLeaks: μ¤μΊ” νμΌ: ./readme.html

    β—‹
    β”‚β•²
    β”‚ β—‹
    β—‹ β–‘
    β–‘    gitleaks

[90m12:17PM[0m [32mINF[0m scanned ~20257 bytes (20.26 KB) in 178ms
[90m12:17PM[0m [32mINF[0m no leaks found
GitLeaks: μ¤μΊ” νμΌ: ./README.md

    β—‹
    β”‚β•²
    β”‚ β—‹
    β—‹ β–‘
    β–‘    gitleaks

[90m12:17PM[0m [32mINF[0m scanned ~14 bytes (14 bytes) in 170ms
[90m12:17PM[0m [32mINF[0m no leaks found
GitLeaks: μ¤μΊ” νμΌ: ./index_en.html

    β—‹
    β”‚β•²
    β”‚ β—‹
    β—‹ β–‘
    β–‘    gitleaks

[90m12:17PM[0m [32mINF[0m scanned ~28509 bytes (28.51 KB) in 150ms
[90m12:17PM[0m [32mINF[0m no leaks found
\n>> GitLeaks: . (.ipynb) νμΌ κ²€μ‚¬:
\n>> GitLeaks:  κ²€μ‚¬ κ±΄λ„λ€.
==== GitLeaks κ²€μ‚¬ μ™„λ£: Wed Nov 19 12:17:27 PM KST 2025 ====\n
\n==== TruffleHog κ²€μ‚¬ μ‹μ‘: Wed Nov 19 12:17:27 PM KST 2025 ====
\n>> TruffleHog: λ£¨νΈ λ””λ ‰ν† λ¦¬ νμΌ κ²€μ‚¬:
TruffleHog: μ¤μΊ” νμΌ: ./security_check.log
TruffleHog: μ¤μΊ” νμΌ: ./quantum_time.png
TruffleHog: μ¤μΊ” νμΌ: ./search.json
TruffleHog: μ¤μΊ” νμΌ: ./index.html
TruffleHog: μ¤μΊ” νμΌ: ./readme.html
TruffleHog: μ¤μΊ” νμΌ: ./README.md
TruffleHog: μ¤μΊ” νμΌ: ./index_en.html
\n>> TruffleHog: . (.ipynb) νμΌ κ²€μ‚¬:
\n>> TruffleHog:  κ²€μ‚¬ κ±΄λ„λ€.
==== TruffleHog κ²€μ‚¬ μ™„λ£: Wed Nov 19 12:17:35 PM KST 2025 ====\n
\n==== λ―Όκ°ν• νμΌ ν¨ν„΄ κ²€μ‚¬ μ‹μ‘ ====
>> λ―Όκ° νμΌ:  κ²€μ‚¬ κ±΄λ„λ€.
==== λ―Όκ°ν• νμΌ ν¨ν„΄ κ²€μ‚¬ μ™„λ£ ====\n
\n==== μ§€μ •λ κ²½λ΅μ ν…μ¤νΈ νμΌ λ―Όκ° μ •λ³΄ κ²€μ‚¬ μ‹μ‘: Wed Nov 19 12:17:35 PM KST 2025 ====
\n>> ν…μ¤νΈ νμΌ κ²€μ‚¬: . λ””λ ‰ν† λ¦¬
ν…μ¤νΈ κ²€μ‚¬ μ¤‘: ./security_check.log
ν…μ¤νΈ κ²€μ‚¬ μ¤‘: ./search.json
ν…μ¤νΈ κ²€μ‚¬ μ¤‘: ./index.html
ν…μ¤νΈ κ²€μ‚¬ μ¤‘: ./readme.html
ν…μ¤νΈ κ²€μ‚¬ μ¤‘: ./README.md
ν…μ¤νΈ κ²€μ‚¬ μ¤‘: ./index_en.html
\n>> ν…μ¤νΈ νμΌ κ²€μ‚¬: . (.ipynb)
\n>> ν…μ¤νΈ νμΌ κ²€μ‚¬:  κ²€μ‚¬ κ±΄λ„λ€.
==== μ§€μ •λ κ²½λ΅μ ν…μ¤νΈ νμΌ λ―Όκ° μ •λ³΄ κ²€μ‚¬ μ™„λ£: Wed Nov 19 12:17:35 PM KST 2025 ====\n
λ¨λ“  λ³΄μ• κ²€μ‚¬κ°€ μ™„λ£λμ—μµλ‹λ‹¤. λ¬Έμ κ°€ λ°κ²¬λμ§€ μ•μ•μµλ‹λ‹¤.
μμ„Έν• κ²€μ‚¬ κ²°κ³Όλ” security_check.log νμΌμ„ ν™•μΈν•μ„Έμ”.
